{
  "stats": {
    "suites": 5,
    "tests": 5,
    "passes": 5,
    "pending": 0,
    "failures": 0,
    "start": "2021-08-11T03:07:53.917Z",
    "end": "2021-08-11T03:08:01.075Z",
    "duration": 7158,
    "testsRegistered": 5,
    "passPercent": 100,
    "pendingPercent": 0,
    "other": 0,
    "hasOther": false,
    "skipped": 0,
    "hasSkipped": false
  },
  "results": [
    {
      "uuid": "4118400d-9443-4bdc-96b2-2219078d7721",
      "title": "",
      "fullFile": "",
      "file": "",
      "beforeHooks": [],
      "afterHooks": [],
      "tests": [],
      "suites": [
        {
          "uuid": "ab672639-7b45-4965-93cc-e745d2316020",
          "title": "Users",
          "fullFile": "C:\\Users\\Camille\\Documents\\Git\\Pessoal\\dummy-example\\test\\users.js",
          "file": "\\test\\users.js",
          "beforeHooks": [
            {
              "title": "\"before all\" hook in \"Users\"",
              "fullTitle": "Users \"before all\" hook in \"Users\"",
              "timedOut": false,
              "duration": 0,
              "state": null,
              "speed": null,
              "pass": false,
              "fail": false,
              "pending": false,
              "context": null,
              "code": "data = {\n  name: faker.name.firstName(),\n  email: faker.internet.email(),\n  gender: 'female',\n  status: 'active'\n};",
              "err": {},
              "uuid": "52df9b1c-f6a3-4fa4-b02c-0cac2324e254",
              "parentUUID": "ab672639-7b45-4965-93cc-e745d2316020",
              "isHook": true,
              "skipped": false
            }
          ],
          "afterHooks": [],
          "tests": [],
          "suites": [
            {
              "uuid": "ae07ad8f-271c-4b02-8f19-cdfc5d7611b9",
              "title": "POST",
              "fullFile": "C:\\Users\\Camille\\Documents\\Git\\Pessoal\\dummy-example\\test\\users.js",
              "file": "\\test\\users.js",
              "beforeHooks": [],
              "afterHooks": [],
              "tests": [
                {
                  "title": "/users",
                  "fullTitle": "Users POST /users",
                  "timedOut": false,
                  "duration": 1432,
                  "state": "passed",
                  "speed": "slow",
                  "pass": true,
                  "fail": false,
                  "pending": false,
                  "context": null,
                  "code": "var self = this,\n    args = arguments;\nreturn new Promise(function (resolve, reject) {\n  var gen = fn.apply(self, args);\n  function _next(value) {\n    asyncGeneratorStep(gen, resolve, reject, _next, _throw, \"next\", value);\n  }\n  function _throw(err) {\n    asyncGeneratorStep(gen, resolve, reject, _next, _throw, \"throw\", err);\n  }\n  _next(undefined);\n});",
                  "err": {},
                  "uuid": "f342c084-a5ca-4054-8f44-a1048c455e66",
                  "parentUUID": "ae07ad8f-271c-4b02-8f19-cdfc5d7611b9",
                  "isHook": false,
                  "skipped": false
                }
              ],
              "suites": [],
              "passes": [
                "f342c084-a5ca-4054-8f44-a1048c455e66"
              ],
              "failures": [],
              "pending": [],
              "skipped": [],
              "duration": 1432,
              "root": false,
              "rootEmpty": false,
              "_timeout": 5000
            },
            {
              "uuid": "0e05026b-66eb-49d2-87ac-17876c8d153d",
              "title": "GET",
              "fullFile": "C:\\Users\\Camille\\Documents\\Git\\Pessoal\\dummy-example\\test\\users.js",
              "file": "\\test\\users.js",
              "beforeHooks": [],
              "afterHooks": [],
              "tests": [
                {
                  "title": "/users",
                  "fullTitle": "Users GET /users",
                  "timedOut": false,
                  "duration": 1437,
                  "state": "passed",
                  "speed": "slow",
                  "pass": true,
                  "fail": false,
                  "pending": false,
                  "context": null,
                  "code": "var self = this,\n    args = arguments;\nreturn new Promise(function (resolve, reject) {\n  var gen = fn.apply(self, args);\n  function _next(value) {\n    asyncGeneratorStep(gen, resolve, reject, _next, _throw, \"next\", value);\n  }\n  function _throw(err) {\n    asyncGeneratorStep(gen, resolve, reject, _next, _throw, \"throw\", err);\n  }\n  _next(undefined);\n});",
                  "err": {},
                  "uuid": "87dddff3-46fc-4be0-931a-14a5f2a7d983",
                  "parentUUID": "0e05026b-66eb-49d2-87ac-17876c8d153d",
                  "isHook": false,
                  "skipped": false
                },
                {
                  "title": "/users/:id",
                  "fullTitle": "Users GET /users/:id",
                  "timedOut": false,
                  "duration": 1415,
                  "state": "passed",
                  "speed": "slow",
                  "pass": true,
                  "fail": false,
                  "pending": false,
                  "context": null,
                  "code": "var self = this,\n    args = arguments;\nreturn new Promise(function (resolve, reject) {\n  var gen = fn.apply(self, args);\n  function _next(value) {\n    asyncGeneratorStep(gen, resolve, reject, _next, _throw, \"next\", value);\n  }\n  function _throw(err) {\n    asyncGeneratorStep(gen, resolve, reject, _next, _throw, \"throw\", err);\n  }\n  _next(undefined);\n});",
                  "err": {},
                  "uuid": "943c9832-692c-4b0f-82c1-9da8bbc107eb",
                  "parentUUID": "0e05026b-66eb-49d2-87ac-17876c8d153d",
                  "isHook": false,
                  "skipped": false
                }
              ],
              "suites": [],
              "passes": [
                "87dddff3-46fc-4be0-931a-14a5f2a7d983",
                "943c9832-692c-4b0f-82c1-9da8bbc107eb"
              ],
              "failures": [],
              "pending": [],
              "skipped": [],
              "duration": 2852,
              "root": false,
              "rootEmpty": false,
              "_timeout": 5000
            },
            {
              "uuid": "3752a4c8-edda-4621-9fc7-c812b5787902",
              "title": "PUT",
              "fullFile": "C:\\Users\\Camille\\Documents\\Git\\Pessoal\\dummy-example\\test\\users.js",
              "file": "\\test\\users.js",
              "beforeHooks": [],
              "afterHooks": [],
              "tests": [
                {
                  "title": "/users/:id",
                  "fullTitle": "Users PUT /users/:id",
                  "timedOut": false,
                  "duration": 1340,
                  "state": "passed",
                  "speed": "slow",
                  "pass": true,
                  "fail": false,
                  "pending": false,
                  "context": null,
                  "code": "var self = this,\n    args = arguments;\nreturn new Promise(function (resolve, reject) {\n  var gen = fn.apply(self, args);\n  function _next(value) {\n    asyncGeneratorStep(gen, resolve, reject, _next, _throw, \"next\", value);\n  }\n  function _throw(err) {\n    asyncGeneratorStep(gen, resolve, reject, _next, _throw, \"throw\", err);\n  }\n  _next(undefined);\n});",
                  "err": {},
                  "uuid": "0f1e1d11-1c28-4b02-991c-9ec01977b1dd",
                  "parentUUID": "3752a4c8-edda-4621-9fc7-c812b5787902",
                  "isHook": false,
                  "skipped": false
                }
              ],
              "suites": [],
              "passes": [
                "0f1e1d11-1c28-4b02-991c-9ec01977b1dd"
              ],
              "failures": [],
              "pending": [],
              "skipped": [],
              "duration": 1340,
              "root": false,
              "rootEmpty": false,
              "_timeout": 5000
            },
            {
              "uuid": "a1e5a849-7715-4284-a26e-404ad90551ae",
              "title": "DELETE",
              "fullFile": "C:\\Users\\Camille\\Documents\\Git\\Pessoal\\dummy-example\\test\\users.js",
              "file": "\\test\\users.js",
              "beforeHooks": [],
              "afterHooks": [],
              "tests": [
                {
                  "title": "/users/:id",
                  "fullTitle": "Users DELETE /users/:id",
                  "timedOut": false,
                  "duration": 1519,
                  "state": "passed",
                  "speed": "slow",
                  "pass": true,
                  "fail": false,
                  "pending": false,
                  "context": null,
                  "code": "var self = this,\n    args = arguments;\nreturn new Promise(function (resolve, reject) {\n  var gen = fn.apply(self, args);\n  function _next(value) {\n    asyncGeneratorStep(gen, resolve, reject, _next, _throw, \"next\", value);\n  }\n  function _throw(err) {\n    asyncGeneratorStep(gen, resolve, reject, _next, _throw, \"throw\", err);\n  }\n  _next(undefined);\n});",
                  "err": {},
                  "uuid": "8995651e-fd3a-4762-b0ac-096245e62ad7",
                  "parentUUID": "a1e5a849-7715-4284-a26e-404ad90551ae",
                  "isHook": false,
                  "skipped": false
                }
              ],
              "suites": [],
              "passes": [
                "8995651e-fd3a-4762-b0ac-096245e62ad7"
              ],
              "failures": [],
              "pending": [],
              "skipped": [],
              "duration": 1519,
              "root": false,
              "rootEmpty": false,
              "_timeout": 5000
            }
          ],
          "passes": [],
          "failures": [],
          "pending": [],
          "skipped": [],
          "duration": 0,
          "root": false,
          "rootEmpty": false,
          "_timeout": 5000
        }
      ],
      "passes": [],
      "failures": [],
      "pending": [],
      "skipped": [],
      "duration": 0,
      "root": true,
      "rootEmpty": true,
      "_timeout": 5000
    }
  ],
  "meta": {
    "mocha": {
      "version": "9.0.3"
    },
    "mochawesome": {
      "options": {
        "quiet": false,
        "reportFilename": "mochawesome",
        "saveHtml": true,
        "saveJson": true,
        "consoleReporter": "spec",
        "useInlineDiffs": false,
        "code": true
      },
      "version": "6.2.2"
    },
    "marge": {
      "options": null,
      "version": "5.2.0"
    }
  }
}